[debug] [2020-03-26T13:27:00.931Z] ----------------------------------------------------------------------
[debug] [2020-03-26T13:27:00.933Z] Command:       C:\Program Files\nodejs\node.exe C:\Users\pinhe\AppData\Roaming\npm\node_modules\firebase-tools\lib\bin\firebase.js init
[debug] [2020-03-26T13:27:00.933Z] CLI Version:   7.3.2
[debug] [2020-03-26T13:27:00.933Z] Platform:      win32
[debug] [2020-03-26T13:27:00.933Z] Node Version:  v10.16.2
[debug] [2020-03-26T13:27:00.934Z] Time:          Thu Mar 26 2020 10:27:00 GMT-0300 (GMT-03:00)
[debug] [2020-03-26T13:27:00.934Z] ----------------------------------------------------------------------
[debug] 
[debug] [2020-03-26T13:27:00.940Z] > command requires scopes: ["email","openid","https://www.googleapis.com/auth/cloudplatformprojects.readonly","https://www.googleapis.com/auth/firebase","https://www.googleapis.com/auth/cloud-platform"]
[debug] [2020-03-26T13:27:00.940Z] > authorizing via signed-in user
[info] 
     ######## #### ########  ######## ########     ###     ######  ########
     ##        ##  ##     ## ##       ##     ##  ##   ##  ##       ##
     ######    ##  ########  ######   ########  #########  ######  ######
     ##        ##  ##    ##  ##       ##     ## ##     ##       ## ##
     ##       #### ##     ## ######## ########  ##     ##  ######  ########

You're about to initialize a Firebase project in this directory:

  C:\Users\pinhe\Documents\workplace_angular\video-chat-simple-peer

[info] 
=== Project Setup
[info] 
[info] First, let's associate this project directory with a Firebase project.
[info] You can create multiple project aliases by running firebase use --add, 
[info] but for now we'll just set up a default project.
[info] 
[debug] [2020-03-26T13:27:35.653Z] > refreshing access token with scopes: ["email","https://www.googleapis.com/auth/cloud-platform","https://www.googleapis.com/auth/cloudplatformprojects.readonly","https://www.googleapis.com/auth/firebase","openid"]
[debug] [2020-03-26T13:27:35.653Z] >>> HTTP REQUEST POST https://www.googleapis.com/oauth2/v3/token  
 <request body omitted>
[debug] [2020-03-26T13:27:36.082Z] <<< HTTP RESPONSE 400
[debug] [2020-03-26T13:27:36.084Z] >>> HTTP REQUEST GET https://firebase.googleapis.com/v1beta1/projects?pageSize=100  
 
[debug] [2020-03-26T13:27:36.667Z] <<< HTTP RESPONSE 401
[debug] [2020-03-26T13:27:36.667Z] <<< HTTP RESPONSE BODY
[debug] [2020-03-26T13:27:36.668Z] HTTP Error: 401, Request had invalid authentication credentials. Expected OAuth 2 access token, login cookie or other valid authentication credential. See https://developers.google.com/identity/sign-in/web/devconsole-project.
[debug] [2020-03-26T13:27:37.021Z] FirebaseError: HTTP Error: 401, Request had invalid authentication credentials. Expected OAuth 2 access token, login cookie or other valid authentication credential. See https://developers.google.com/identity/sign-in/web/devconsole-project.
    at module.exports (C:\Users\pinhe\AppData\Roaming\npm\node_modules\firebase-tools\lib\responseToError.js:38:12)
    at Request._callback (C:\Users\pinhe\AppData\Roaming\npm\node_modules\firebase-tools\lib\api.js:39:35)
    at Request.self.callback (C:\Users\pinhe\AppData\Roaming\npm\node_modules\firebase-tools\node_modules\request\request.js:185:22)
    at Request.emit (events.js:198:13)
    at Request.EventEmitter.emit (domain.js:448:20)
    at Request.<anonymous> (C:\Users\pinhe\AppData\Roaming\npm\node_modules\firebase-tools\node_modules\request\request.js:1161:10)
    at Request.emit (events.js:198:13)
    at Request.EventEmitter.emit (domain.js:448:20)
    at IncomingMessage.<anonymous> (C:\Users\pinhe\AppData\Roaming\npm\node_modules\firebase-tools\node_modules\request\request.js:1083:12)
    at Object.onceWrapper (events.js:286:20)
[error] 
[error] Error: Failed to list Firebase projects. See firebase-debug.log for more info.
[debug] [2020-03-26T13:27:48.477Z] ----------------------------------------------------------------------
[debug] [2020-03-26T13:27:48.479Z] Command:       C:\Program Files\nodejs\node.exe C:\Users\pinhe\AppData\Roaming\npm\node_modules\firebase-tools\lib\bin\firebase.js init
[debug] [2020-03-26T13:27:48.479Z] CLI Version:   7.3.2
[debug] [2020-03-26T13:27:48.479Z] Platform:      win32
[debug] [2020-03-26T13:27:48.479Z] Node Version:  v10.16.2
[debug] [2020-03-26T13:27:48.480Z] Time:          Thu Mar 26 2020 10:27:48 GMT-0300 (GMT-03:00)
[debug] [2020-03-26T13:27:48.480Z] ----------------------------------------------------------------------
[debug] 
[debug] [2020-03-26T13:27:48.485Z] > command requires scopes: ["email","openid","https://www.googleapis.com/auth/cloudplatformprojects.readonly","https://www.googleapis.com/auth/firebase","https://www.googleapis.com/auth/cloud-platform"]
[debug] [2020-03-26T13:27:48.486Z] > authorizing via signed-in user
[info] 
     ######## #### ########  ######## ########     ###     ######  ########
     ##        ##  ##     ## ##       ##     ##  ##   ##  ##       ##
     ######    ##  ########  ######   ########  #########  ######  ######
     ##        ##  ##    ##  ##       ##     ## ##     ##       ## ##
     ##       #### ##     ## ######## ########  ##     ##  ######  ########

You're about to initialize a Firebase project in this directory:

  C:\Users\pinhe\Documents\workplace_angular\video-chat-simple-peer

[info] 
=== Project Setup
[info] 
[info] First, let's associate this project directory with a Firebase project.
[info] You can create multiple project aliases by running firebase use --add, 
[info] but for now we'll just set up a default project.
[info] 
[debug] [2020-03-26T13:29:06.932Z] > refreshing access token with scopes: ["email","https://www.googleapis.com/auth/cloud-platform","https://www.googleapis.com/auth/cloudplatformprojects.readonly","https://www.googleapis.com/auth/firebase","openid"]
[debug] [2020-03-26T13:29:06.932Z] >>> HTTP REQUEST POST https://www.googleapis.com/oauth2/v3/token  
 <request body omitted>
[debug] [2020-03-26T13:29:07.334Z] <<< HTTP RESPONSE 400
[debug] [2020-03-26T13:29:07.334Z] >>> HTTP REQUEST GET https://firebase.googleapis.com/v1beta1/projects?pageSize=100  
 
[debug] [2020-03-26T13:29:07.804Z] <<< HTTP RESPONSE 401
[debug] [2020-03-26T13:29:07.804Z] <<< HTTP RESPONSE BODY
[debug] [2020-03-26T13:29:07.805Z] HTTP Error: 401, Request had invalid authentication credentials. Expected OAuth 2 access token, login cookie or other valid authentication credential. See https://developers.google.com/identity/sign-in/web/devconsole-project.
[debug] [2020-03-26T13:29:08.185Z] FirebaseError: HTTP Error: 401, Request had invalid authentication credentials. Expected OAuth 2 access token, login cookie or other valid authentication credential. See https://developers.google.com/identity/sign-in/web/devconsole-project.
    at module.exports (C:\Users\pinhe\AppData\Roaming\npm\node_modules\firebase-tools\lib\responseToError.js:38:12)
    at Request._callback (C:\Users\pinhe\AppData\Roaming\npm\node_modules\firebase-tools\lib\api.js:39:35)
    at Request.self.callback (C:\Users\pinhe\AppData\Roaming\npm\node_modules\firebase-tools\node_modules\request\request.js:185:22)
    at Request.emit (events.js:198:13)
    at Request.EventEmitter.emit (domain.js:448:20)
    at Request.<anonymous> (C:\Users\pinhe\AppData\Roaming\npm\node_modules\firebase-tools\node_modules\request\request.js:1161:10)
    at Request.emit (events.js:198:13)
    at Request.EventEmitter.emit (domain.js:448:20)
    at IncomingMessage.<anonymous> (C:\Users\pinhe\AppData\Roaming\npm\node_modules\firebase-tools\node_modules\request\request.js:1083:12)
    at Object.onceWrapper (events.js:286:20)
[error] 
[error] Error: Failed to list Firebase projects. See firebase-debug.log for more info.
